2025-03-30 20:40:08,707 INFO: 
                ____                _       _____  ____
               / __ ) ____ _ _____ (_)_____/ ___/ / __ \
              / __  |/ __ `// ___// // ___/\__ \ / /_/ /
             / /_/ // /_/ /(__  )/ // /__ ___/ // _, _/
            /_____/ \__,_//____//_/ \___//____//_/ |_|
     ______                   __   __                 __      __
    / ____/____   ____   ____/ /  / /   __  __ _____ / /__   / /
   / / __ / __ \ / __ \ / __  /  / /   / / / // ___// //_/  / /
  / /_/ // /_/ // /_/ // /_/ /  / /___/ /_/ // /__ / /<    /_/
  \____/ \____/ \____/ \____/  /_____/\____/ \___//_/|_|  (_)
    
Version Information: 
	BasicSR: 1.3.5
	PyTorch: 2.0.1+cu118
	TorchVision: 0.15.2+cu118
2025-03-30 20:40:08,708 INFO: 
  name: MambaIRv2_SR_x2_raw_l1=0.9_swt=0.1_L8_B4
  model_type: MambaIRv2Model
  scale: 2
  num_gpu: 8
  manual_seed: 10
  datasets:[
    train:[
      task: SR
      name: DF2K
      type: PairedImageDataset
      dataroot_gt: ['/data2/guohang/dataset/DIV2K/DIV2K_train_HR', '/data2/guohang/dataset/Flickr2K/Flickr2K_HR']
      dataroot_lq: ['/data2/guohang/dataset/DIV2K/DIV2K_train_LR_bicubic/X2', '/data2/guohang/dataset/Flickr2K/Flickr2K_LR_bicubic/X2']
      filename_tmpl: {}x2
      io_backend:[
        type: disk
      ]
      gt_size: 256
      use_hflip: True
      use_rot: True
      use_shuffle: True
      num_worker_per_gpu: 32
      batch_size_per_gpu: 4
      dataset_enlarge_ratio: 100
      prefetch_mode: None
      phase: train
      scale: 2
    ]
    val:[
      name: Set14
      type: PairedImageDataset
      dataroot_gt: /data2/guohang/dataset/ARTSR/Set14/HR
      dataroot_lq: /data2/guohang/dataset/ARTSR/Set14/LR_bicubic/X2
      filename_tmpl: {}x2
      io_backend:[
        type: disk
      ]
      phase: val
      scale: 2
    ]
  ]
  network_g:[
    type: MambaIRv2
    upscale: 2
    in_chans: 4
    img_size: 128
    img_range: 1.0
    embed_dim: 174
    d_state: 16
    depths: [6, 6, 6, 6, 6, 6, 6, 6]
    num_heads: [6, 6, 6, 6, 6, 6, 6, 6]
    window_size: 16
    inner_rank: 64
    num_tokens: 128
    convffn_kernel_size: 5
    mlp_ratio: 2.0
    upsampler: pixelshuffle
    resi_connection: 1conv
  ]
  path:[
    pretrain_network_g: None
    strict_load_g: True
    resume_state: None
    experiments_root: /scratch/ll5484/ntire25/RAWSR/MambaIR-raw/experiments/MambaIRv2_SR_x2_raw_l1=0.9_swt=0.1_L8_B4
    models: /scratch/ll5484/ntire25/RAWSR/MambaIR-raw/experiments/MambaIRv2_SR_x2_raw_l1=0.9_swt=0.1_L8_B4/models
    training_states: /scratch/ll5484/ntire25/RAWSR/MambaIR-raw/experiments/MambaIRv2_SR_x2_raw_l1=0.9_swt=0.1_L8_B4/training_states
    log: /scratch/ll5484/ntire25/RAWSR/MambaIR-raw/experiments/MambaIRv2_SR_x2_raw_l1=0.9_swt=0.1_L8_B4
    visualization: /scratch/ll5484/ntire25/RAWSR/MambaIR-raw/experiments/MambaIRv2_SR_x2_raw_l1=0.9_swt=0.1_L8_B4/visualization
  ]
  train:[
    optim_g:[
      type: Adam
      lr: 0.001
      weight_decay: 0
      betas: [0.9, 0.99]
    ]
    scheduler:[
      type: MultiStepLR
      milestones: [5000, 10000, 15000, '20000，25000，30000，35000']
      gamma: 0.5
    ]
    total_iter: 500000
    warmup_iter: -1
    pixel_opt:[
      type: SWTLoss
      WAVELET: 0.1
      WEIGHT_L1: 0.9
      WEIGHT_PEC: 0.2
    ]
  ]
  val:[
    val_freq: 5000.0
    save_img: False
    metrics:[
      psnr:[
        type: calculate_psnr
        crop_border: 4
        test_y_channel: True
      ]
      ssim:[
        type: calculate_ssim
        crop_border: 4
        test_y_channel: True
      ]
    ]
  ]
  logger:[
    print_freq: 200
    save_checkpoint_freq: 5000.0
    use_tb_logger: True
    wandb:[
      project: None
      resume_id: None
    ]
  ]
  dist_params:[
    backend: nccl
    port: 29500
  ]
  raw: True
  dist: False
  rank: 0
  world_size: 1
  auto_resume: False
  is_train: True
  root_path: /scratch/ll5484/ntire25/RAWSR/MambaIR-raw

2025-03-30 20:40:12,871 INFO: Training statistics:
	Number of train images: 1044
	Dataset enlarge ratio: 100
	Batch size per gpu: 4
	World size (gpu number): 1
	Require iter number per epoch: 26100
	Total epochs: 20; iters: 500000.
2025-03-30 20:40:12,872 INFO: Number of val images/folders in Set14: 20
2025-03-30 20:40:13,717 INFO: Network [MambaIRv2] is created.
2025-03-30 20:40:14,264 INFO: Network: DataParallel - MambaIRv2, with parameters: 30,363,492
2025-03-30 20:40:14,264 INFO: MambaIRv2(
  (conv_first): Conv2d(4, 174, kernel_size=(3, 3), stride=(1, 1), padding=(1, 1))
  (patch_embed): PatchEmbed(
    (norm): LayerNorm((174,), eps=1e-05, elementwise_affine=True)
  )
  (patch_unembed): PatchUnEmbed()
  (layers): ModuleList(
    (0-7): 8 x ASSB(
      (patch_embed): PatchEmbed()
      (patch_unembed): PatchUnEmbed()
      (residual_group): BasicBlock(
        dim=174, input_resolution=(128, 128), depth=6
        (layers): ModuleList(
          (0-5): 6 x AttentiveLayer(
            (softmax): Softmax(dim=-1)
            (lrelu): LeakyReLU(negative_slope=0.01)
            (sigmoid): Sigmoid()
            (norm1): LayerNorm((174,), eps=1e-05, elementwise_affine=True)
            (norm2): LayerNorm((174,), eps=1e-05, elementwise_affine=True)
            (norm3): LayerNorm((174,), eps=1e-05, elementwise_affine=True)
            (norm4): LayerNorm((174,), eps=1e-05, elementwise_affine=True)
            (wqkv): Linear(in_features=174, out_features=522, bias=True)
            (win_mhsa): WindowAttention(
              dim=174, window_size=(16, 16), num_heads=6, qkv_bias=True
              (proj): Linear(in_features=174, out_features=174, bias=True)
              (softmax): Softmax(dim=-1)
            )
            (assm): ASSM(
              (selectiveScan): Selective_Scan()
              (out_norm): LayerNorm((348,), eps=1e-05, elementwise_affine=True)
              (act): SiLU()
              (out_proj): Linear(in_features=348, out_features=174, bias=True)
              (in_proj): Sequential(
                (0): Conv2d(174, 348, kernel_size=(1, 1), stride=(1, 1))
              )
              (CPE): Sequential(
                (0): Conv2d(348, 348, kernel_size=(3, 3), stride=(1, 1), padding=(1, 1), groups=348)
              )
              (embeddingB): Embedding(128, 64)
              (route): Sequential(
                (0): Linear(in_features=174, out_features=58, bias=True)
                (1): GELU(approximate='none')
                (2): Linear(in_features=58, out_features=128, bias=True)
                (3): LogSoftmax(dim=-1)
              )
            )
            (convffn1): ConvFFN(
              (fc1): Linear(in_features=174, out_features=348, bias=True)
              (act): GELU(approximate='none')
              (dwconv): dwconv(
                (depthwise_conv): Sequential(
                  (0): Conv2d(348, 348, kernel_size=(5, 5), stride=(1, 1), padding=(2, 2), groups=348)
                  (1): GELU(approximate='none')
                )
              )
              (fc2): Linear(in_features=348, out_features=174, bias=True)
            )
            (convffn2): ConvFFN(
              (fc1): Linear(in_features=174, out_features=348, bias=True)
              (act): GELU(approximate='none')
              (dwconv): dwconv(
                (depthwise_conv): Sequential(
                  (0): Conv2d(348, 348, kernel_size=(5, 5), stride=(1, 1), padding=(2, 2), groups=348)
                  (1): GELU(approximate='none')
                )
              )
              (fc2): Linear(in_features=348, out_features=174, bias=True)
            )
            (embeddingA): Embedding(64, 16)
          )
        )
      )
      (conv): Conv2d(174, 174, kernel_size=(3, 3), stride=(1, 1), padding=(1, 1))
    )
  )
  (norm): LayerNorm((174,), eps=1e-05, elementwise_affine=True)
  (conv_after_body): Conv2d(174, 174, kernel_size=(3, 3), stride=(1, 1), padding=(1, 1))
  (conv_before_upsample): Sequential(
    (0): Conv2d(174, 64, kernel_size=(3, 3), stride=(1, 1), padding=(1, 1))
    (1): LeakyReLU(negative_slope=0.01, inplace=True)
  )
  (upsample): Upsample(
    (0): Conv2d(64, 256, kernel_size=(3, 3), stride=(1, 1), padding=(1, 1))
    (1): PixelShuffle(upscale_factor=2)
  )
  (conv_last): Conv2d(64, 4, kernel_size=(3, 3), stride=(1, 1), padding=(1, 1))
)
2025-03-30 20:40:14,273 INFO: Loss [SWTLoss] is created.
2025-03-30 20:40:14,281 INFO: Model [MambaIRv2Model] is created.
2025-03-30 20:40:14,281 INFO: Start training from epoch: 0, iter: 0
2025-03-30 20:47:35,566 INFO: [Mamba..][epoch:  0, iter:     200, lr:(1.000e-03,)] [eta: 12 days, 4:47:17, time (data): 2.206 (0.056)] l_pix: 2.1962e-01 
2025-03-30 20:54:43,219 INFO: [Mamba..][epoch:  0, iter:     400, lr:(1.000e-03,)] [eta: 12 days, 6:42:07, time (data): 2.137 (0.003)] l_pix: 4.4755e-01 
2025-03-30 21:01:49,243 INFO: [Mamba..][epoch:  0, iter:     600, lr:(1.000e-03,)] [eta: 12 days, 6:53:14, time (data): 2.131 (0.003)] l_pix: 2.7750e-02 
2025-03-30 21:08:55,824 INFO: [Mamba..][epoch:  0, iter:     800, lr:(1.000e-03,)] [eta: 12 days, 7:01:01, time (data): 2.134 (0.003)] l_pix: 4.0143e-02 
2025-03-30 21:16:02,299 INFO: [Mamba..][epoch:  0, iter:   1,000, lr:(1.000e-03,)] [eta: 12 days, 7:01:58, time (data): 2.132 (0.004)] l_pix: 3.6314e-02 
2025-03-30 21:23:07,267 INFO: [Mamba..][epoch:  0, iter:   1,200, lr:(1.000e-03,)] [eta: 12 days, 6:49:49, time (data): 2.125 (0.003)] l_pix: 2.3843e-02 
